2026-01-10 21:19:35,281 - loan_app - INFO - ======================================================================
2026-01-10 21:19:35,282 - loan_app - INFO - STARTING MODEL TRAINING
2026-01-10 21:19:35,282 - loan_app - INFO - ======================================================================
2026-01-10 21:19:35,282 - loan_app - INFO - Loading training data from train.csv...
2026-01-10 21:19:35,286 - loan_app - INFO - Loaded 614 records
2026-01-10 21:19:35,286 - loan_app - INFO - Preparing features...
2026-01-10 21:19:35,290 - loan_app - INFO - Features prepared successfully
2026-01-10 21:19:35,291 - loan_app - INFO - Splitting data into train/test sets (80/20)...
2026-01-10 21:19:35,293 - loan_app - INFO - Train set: 491 records, Test set: 123 records
2026-01-10 21:19:35,293 - loan_app - INFO - Training SVC model with StandardScaler pipeline...
2026-01-10 21:19:35,303 - loan_app - INFO - Model training completed
2026-01-10 21:19:35,303 - loan_app - INFO - Calculating accuracy on test set...
2026-01-10 21:19:35,307 - loan_app - INFO - Model Accuracy: 0.7967 (79.67%)
2026-01-10 21:19:35,307 - loan_app - INFO - Saving model to model.joblib...
2026-01-10 21:19:35,309 - loan_app - INFO - Model saved successfully
2026-01-10 21:19:35,309 - loan_app - INFO - Saving accuracy to accuracy.txt...
2026-01-10 21:19:35,310 - loan_app - INFO - Accuracy saved successfully
2026-01-10 21:19:35,310 - loan_app - INFO - ======================================================================
2026-01-10 21:19:35,312 - loan_app - INFO - ======================================================================
2026-01-10 21:19:35,312 - loan_app - INFO - Final Accuracy: 79.7%
2026-01-10 21:19:35,312 - loan_app - INFO - Model saved to: model.joblib
2026-01-10 21:19:35,312 - loan_app - INFO - Accuracy saved to: accuracy.txt
2026-01-10 21:19:35,312 - loan_app - INFO - ======================================================================
2026-01-10 21:20:50,156 - loan_app - INFO - ======================================================================
2026-01-10 21:20:50,158 - loan_app - INFO - APPLICATION INITIALIZED
2026-01-10 21:20:50,159 - loan_app - INFO - ======================================================================
2026-01-10 21:20:50,159 - loan_app - INFO - Loading prediction model...
2026-01-10 21:20:51,955 - loan_app - INFO - Model loaded successfully
2026-01-10 21:21:05,789 - loan_app - INFO - ======================================================================
2026-01-10 21:21:05,791 - loan_app - INFO - APPLICATION INITIALIZED
2026-01-10 21:21:05,792 - loan_app - INFO - ======================================================================
2026-01-10 21:21:05,793 - loan_app - INFO - Loading prediction model...
2026-01-10 21:21:05,795 - loan_app - INFO - Model loaded successfully
2026-01-10 21:21:05,814 - loan_app - INFO - Prediction request: Married=Married, Education=Graduate, Credit=1, Total_Income=5000.0, Loan_Amount=100000.0
2026-01-10 21:21:05,820 - loan_app - INFO - APPROVED: Income=5000.0, Loan=100000.0
2026-01-10 21:21:07,206 - loan_app - INFO - ======================================================================
2026-01-10 21:21:07,207 - loan_app - INFO - APPLICATION INITIALIZED
2026-01-10 21:21:07,207 - loan_app - INFO - ======================================================================
2026-01-10 21:21:07,208 - loan_app - INFO - Loading prediction model...
2026-01-10 21:21:07,209 - loan_app - INFO - Model loaded successfully
2026-01-10 21:21:07,222 - loan_app - INFO - Accuracy request
2026-01-10 21:21:07,223 - loan_app - INFO - Accuracy displayed: 79.7%
